#! /c/Source/iverilog-install/bin/vvp
:ivl_version "12.0 (devel)" "(s20150603-1110-g18392a46)";
:ivl_delay_selection "TYPICAL";
:vpi_time_precision - 12;
:vpi_module "C:\iverilog\lib\ivl\system.vpi";
:vpi_module "C:\iverilog\lib\ivl\vhdl_sys.vpi";
:vpi_module "C:\iverilog\lib\ivl\vhdl_textio.vpi";
:vpi_module "C:\iverilog\lib\ivl\v2005_math.vpi";
:vpi_module "C:\iverilog\lib\ivl\va_math.vpi";
S_00000230ee7e6430 .scope module, "comp_tb" "comp_tb" 2 3;
 .timescale -9 -12;
v00000230ee834270_0 .var "A", 0 0;
v00000230ee834d10_0 .var "B", 0 0;
v00000230ee834130_0 .var "C", 0 0;
v00000230ee834db0_0 .net "Carry", 0 0, L_00000230ee7e4390;  1 drivers
v00000230ee834f90_0 .var "D", 0 0;
v00000230ee834090_0 .net "Sum", 0 0, L_00000230ee7e4320;  1 drivers
v00000230ee834b30_0 .var/i "i", 31 0;
S_00000230ee7e65c0 .scope module, "c1" "comp" 2 8, 3 3 0, S_00000230ee7e6430;
 .timescale -9 -12;
    .port_info 0 /INPUT 1 "A";
    .port_info 1 /INPUT 1 "B";
    .port_info 2 /INPUT 1 "C";
    .port_info 3 /INPUT 1 "D";
    .port_info 4 /OUTPUT 1 "Carry";
    .port_info 5 /OUTPUT 1 "Sum";
L_00000230ee7b32a0 .functor XOR 1, v00000230ee834270_0, v00000230ee834d10_0, C4<0>, C4<0>;
L_00000230ee99bf60 .functor NOT 1, L_00000230ee7b32a0, C4<0>, C4<0>, C4<0>;
L_00000230ee7e4780 .functor XOR 1, v00000230ee834130_0, v00000230ee834f90_0, C4<0>, C4<0>;
L_00000230ee7e46a0 .functor NOT 1, L_00000230ee7e4780, C4<0>, C4<0>, C4<0>;
L_00000230ee7e4320 .functor OR 1, L_00000230ee99bf60, L_00000230ee7e46a0, C4<0>, C4<0>;
L_00000230ee7e4080 .functor OR 1, v00000230ee834270_0, v00000230ee834d10_0, C4<0>, C4<0>;
L_00000230ee7e41d0 .functor OR 1, v00000230ee834130_0, v00000230ee834f90_0, C4<0>, C4<0>;
L_00000230ee7e4390 .functor AND 1, L_00000230ee7e4080, L_00000230ee7e41d0, C4<1>, C4<1>;
v00000230ee7e6750_0 .net "A", 0 0, v00000230ee834270_0;  1 drivers
v00000230ee7b2e10_0 .net "B", 0 0, v00000230ee834d10_0;  1 drivers
v00000230ee7e3d10_0 .net "C", 0 0, v00000230ee834130_0;  1 drivers
v00000230ee7e3db0_0 .net "Carry", 0 0, L_00000230ee7e4390;  alias, 1 drivers
v00000230ee7e3e50_0 .net "D", 0 0, v00000230ee834f90_0;  1 drivers
v00000230ee7e3ef0_0 .net "Sum", 0 0, L_00000230ee7e4320;  alias, 1 drivers
v00000230ee7e3f90_0 .net *"_ivl_0", 0 0, L_00000230ee7b32a0;  1 drivers
v00000230ee834450_0 .net *"_ivl_10", 0 0, L_00000230ee7e4080;  1 drivers
v00000230ee834c70_0 .net *"_ivl_12", 0 0, L_00000230ee7e41d0;  1 drivers
v00000230ee834e50_0 .net *"_ivl_2", 0 0, L_00000230ee99bf60;  1 drivers
v00000230ee8341d0_0 .net *"_ivl_4", 0 0, L_00000230ee7e4780;  1 drivers
v00000230ee834ef0_0 .net *"_ivl_6", 0 0, L_00000230ee7e46a0;  1 drivers
    .scope S_00000230ee7e6430;
T_0 ;
    %vpi_call 2 12 "$dumpfile", "comp_tb.vcd" {0 0 0};
    %vpi_call 2 13 "$dumpvars", 32'sb00000000000000000000000000000000, S_00000230ee7e6430 {0 0 0};
    %pushi/vec4 0, 0, 4;
    %split/vec4 1;
    %store/vec4 v00000230ee834f90_0, 0, 1;
    %split/vec4 1;
    %store/vec4 v00000230ee834130_0, 0, 1;
    %split/vec4 1;
    %store/vec4 v00000230ee834d10_0, 0, 1;
    %store/vec4 v00000230ee834270_0, 0, 1;
    %pushi/vec4 1, 0, 32;
    %store/vec4 v00000230ee834b30_0, 0, 32;
T_0.0 ;
    %load/vec4 v00000230ee834b30_0;
    %cmpi/s 16, 0, 32;
    %jmp/0xz T_0.1, 5;
    %delay 100000, 0;
    %load/vec4 v00000230ee834b30_0;
    %pad/s 4;
    %split/vec4 1;
    %store/vec4 v00000230ee834f90_0, 0, 1;
    %split/vec4 1;
    %store/vec4 v00000230ee834130_0, 0, 1;
    %split/vec4 1;
    %store/vec4 v00000230ee834d10_0, 0, 1;
    %store/vec4 v00000230ee834270_0, 0, 1;
    %load/vec4 v00000230ee834b30_0;
    %addi 1, 0, 32;
    %store/vec4 v00000230ee834b30_0, 0, 32;
    %jmp T_0.0;
T_0.1 ;
    %delay 2000000, 0;
    %vpi_call 2 19 "$finish" {0 0 0};
    %end;
    .thread T_0;
# The file index is used to find the file name in the following table.
:file_names 4;
    "N/A";
    "<interactive>";
    "comp_tb.v";
    "./comp.v";
